<?xml version="1.0" encoding="UTF-8"?>
<!-- Generated by org.testng.reporters.JUnitXMLReporter -->
<testsuite ignored="0" hostname="DESKTOP-TIVA8EK" failures="0" tests="4" name="Surefire test" time="18.976" errors="0" timestamp="2024-04-22T23:10:23 PKT">
  <testcase classname="loneCreates.InvalidLoginTest" name="InvalidLogin" time="0.003"/>
  <testcase classname="loneCreates.ItemsTest" name="Addnewitemtest" time="0.0"/>
  <testcase classname="loneCreates.ItemsTest" name="ItemExists" time="0.0"/>
  <testcase classname="loneCreates.ValidLoginTest" name="validLogin" time="0.0"/>
</testsuite> <!-- Surefire test -->
