<?xml version="1.0" encoding="UTF-8"?>
<testng-results ignored="0" total="4" passed="4" failed="0" skipped="0">
  <reporter-output>
  </reporter-output>
  <suite started-at="2024-04-22T23:40:36 PKT" name="Suite" finished-at="2024-04-22T23:40:55 PKT" duration-ms="18748">
    <groups>
      <group name="itemcheck">
        <method signature="InvalidLoginTest.InvalidLogin()[pri:0, instance:loneCreates.InvalidLoginTest@3ad83a66]" name="InvalidLogin" class="loneCreates.InvalidLoginTest"/>
        <method signature="ValidLoginTest.validLogin()[pri:0, instance:loneCreates.ValidLoginTest@239a307b]" name="validLogin" class="loneCreates.ValidLoginTest"/>
        <method signature="ItemsTest.Addnewitemtest()[pri:0, instance:loneCreates.ItemsTest@5c7bfdc1]" name="Addnewitemtest" class="loneCreates.ItemsTest"/>
        <method signature="ItemsTest.ItemExists()[pri:0, instance:loneCreates.ItemsTest@5c7bfdc1]" name="ItemExists" class="loneCreates.ItemsTest"/>
      </group> <!-- itemcheck -->
    </groups>
    <test started-at="2024-04-22T23:40:36 PKT" name="LoginTest" finished-at="2024-04-22T23:40:47 PKT" duration-ms="10372">
      <class name="loneCreates.ValidLoginTest">
        <test-method is-config="true" signature="driverInitialization()[pri:0, instance:loneCreates.ValidLoginTest@239a307b]" started-at="2024-04-22T23:40:36 PKT" name="driverInitialization" finished-at="2024-04-22T23:40:42 PKT" duration-ms="5652" status="PASS">
          <reporter-output>
          </reporter-output>
        </test-method> <!-- driverInitialization -->
        <test-method signature="validLogin()[pri:0, instance:loneCreates.ValidLoginTest@239a307b]" started-at="2024-04-22T23:40:42 PKT" name="validLogin" finished-at="2024-04-22T23:40:42 PKT" duration-ms="5" status="PASS">
          <reporter-output>
          </reporter-output>
        </test-method> <!-- validLogin -->
        <test-method is-config="true" signature="tearDown()[pri:0, instance:loneCreates.ValidLoginTest@239a307b]" started-at="2024-04-22T23:40:42 PKT" name="tearDown" finished-at="2024-04-22T23:40:42 PKT" duration-ms="97" status="PASS">
          <reporter-output>
          </reporter-output>
        </test-method> <!-- tearDown -->
      </class> <!-- loneCreates.ValidLoginTest -->
      <class name="loneCreates.InvalidLoginTest">
        <test-method is-config="true" signature="driverInitialization()[pri:0, instance:loneCreates.InvalidLoginTest@3ad83a66]" started-at="2024-04-22T23:40:42 PKT" name="driverInitialization" finished-at="2024-04-22T23:40:47 PKT" duration-ms="4465" status="PASS">
          <reporter-output>
          </reporter-output>
        </test-method> <!-- driverInitialization -->
        <test-method signature="InvalidLogin()[pri:0, instance:loneCreates.InvalidLoginTest@3ad83a66]" started-at="2024-04-22T23:40:47 PKT" name="InvalidLogin" finished-at="2024-04-22T23:40:47 PKT" duration-ms="2" status="PASS">
          <reporter-output>
          </reporter-output>
        </test-method> <!-- InvalidLogin -->
        <test-method is-config="true" signature="tearDown()[pri:0, instance:loneCreates.InvalidLoginTest@3ad83a66]" started-at="2024-04-22T23:40:47 PKT" name="tearDown" finished-at="2024-04-22T23:40:47 PKT" duration-ms="94" status="PASS">
          <reporter-output>
          </reporter-output>
        </test-method> <!-- tearDown -->
      </class> <!-- loneCreates.InvalidLoginTest -->
    </test> <!-- LoginTest -->
    <test started-at="2024-04-22T23:40:47 PKT" name="openItems" finished-at="2024-04-22T23:40:55 PKT" duration-ms="8093">
      <class name="loneCreates.ItemsTest">
        <test-method is-config="true" signature="driverInitialization()[pri:0, instance:loneCreates.ItemsTest@5c7bfdc1]" started-at="2024-04-22T23:40:47 PKT" name="driverInitialization" finished-at="2024-04-22T23:40:55 PKT" duration-ms="7982" status="PASS">
          <reporter-output>
          </reporter-output>
        </test-method> <!-- driverInitialization -->
        <test-method signature="Addnewitemtest()[pri:0, instance:loneCreates.ItemsTest@5c7bfdc1]" started-at="2024-04-22T23:40:55 PKT" name="Addnewitemtest" finished-at="2024-04-22T23:40:55 PKT" duration-ms="1" status="PASS">
          <reporter-output>
          </reporter-output>
        </test-method> <!-- Addnewitemtest -->
        <test-method signature="ItemExists()[pri:0, instance:loneCreates.ItemsTest@5c7bfdc1]" started-at="2024-04-22T23:40:55 PKT" name="ItemExists" finished-at="2024-04-22T23:40:55 PKT" depends-on-methods="loneCreates.ItemsTest.Addnewitemtest" duration-ms="1" status="PASS">
          <reporter-output>
          </reporter-output>
        </test-method> <!-- ItemExists -->
        <test-method is-config="true" signature="tearDown()[pri:0, instance:loneCreates.ItemsTest@5c7bfdc1]" started-at="2024-04-22T23:40:55 PKT" name="tearDown" finished-at="2024-04-22T23:40:55 PKT" duration-ms="96" status="PASS">
          <reporter-output>
          </reporter-output>
        </test-method> <!-- tearDown -->
      </class> <!-- loneCreates.ItemsTest -->
    </test> <!-- openItems -->
  </suite> <!-- Suite -->
</testng-results>
